14:11:49 DEBUG : Logs will be stored at 'C:/Users/Moose/Documents/School/ECE492/Platform/IDE.log'.
14:11:51 INFO  : Registering command handlers for Vitis TCF services
14:11:51 INFO  : Launching XSCT server: xsct.bat -n  -interactive C:\Users\Moose\Documents\School\ECE492\Platform\temp_xsdb_launch_script.tcl
14:11:51 INFO  : Platform repository initialization has completed.
14:11:54 INFO  : XSCT server has started successfully.
14:11:54 INFO  : Successfully done setting XSCT server connection channel  
14:11:56 INFO  : plnx-install-location is set to ''
14:11:56 INFO  : Successfully done setting workspace for the tool. 
14:11:56 INFO  : Successfully done query RDI_DATADIR 
14:12:56 INFO  : Result from executing command 'getProjects': system_wrapper
14:12:56 INFO  : Result from executing command 'getPlatforms': 
14:12:56 WARN  : An unexpected exception occurred in the module 'platform project logging'
14:12:56 INFO  : Platform 'system_wrapper' is added to custom repositories.
14:13:03 INFO  : Platform 'system_wrapper' is added to custom repositories.
14:20:25 INFO  : Connected to target on host '127.0.0.1' and port '3121'.
14:20:30 INFO  : Connected to target on host '127.0.0.1' and port '3121'.
14:21:57 INFO  : Connected to target on host '127.0.0.1' and port '3121'.
14:22:06 INFO  : Connected to target on host '127.0.0.1' and port '3121'.
14:22:14 INFO  : Connected to target on host '127.0.0.1' and port '3121'.
14:22:17 INFO  : Connected to target on host '127.0.0.1' and port '3121'.
14:23:18 INFO  : Result from executing command 'getProjects': system_wrapper
14:23:18 INFO  : Result from executing command 'getPlatforms': system_wrapper|C:/Users/Moose/Documents/School/ECE492/Platform/system_wrapper/export/system_wrapper/system_wrapper.xpfm
14:23:18 INFO  : Checking for BSP changes to sync application flags for project 'SPARC'...
14:23:33 INFO  : Connected to target on host '127.0.0.1' and port '3121'.
14:23:33 INFO  : Jtag cable 'Digilent Zybo Z7 210351AB6EB6A' is selected.
14:23:33 INFO  : 'jtag frequency' command is executed.
14:23:33 INFO  : Context for 'APU' is selected.
14:23:34 INFO  : System reset is completed.
14:23:37 INFO  : 'after 3000' command is executed.
14:23:37 INFO  : 'targets -set -filter {jtag_cable_name =~ "Digilent Zybo Z7 210351AB6EB6A" && level==0 && jtag_device_ctx=="jsn-Zybo Z7-210351AB6EB6A-13722093-0"}' command is executed.
14:23:38 INFO  : Device configured successfully with "C:/Users/Moose/Documents/School/ECE492/Platform/SPARC/_ide/bitstream/system_wrapper.bit"
14:23:38 INFO  : Context for 'APU' is selected.
14:23:38 INFO  : Hardware design and registers information is loaded from 'C:/Users/Moose/Documents/School/ECE492/Platform/system_wrapper/export/system_wrapper/hw/system_wrapper.xsa'.
14:23:38 INFO  : 'configparams force-mem-access 1' command is executed.
14:23:38 INFO  : Context for 'APU' is selected.
14:23:38 INFO  : Sourcing of 'C:/Users/Moose/Documents/School/ECE492/Platform/SPARC/_ide/psinit/ps7_init.tcl' is done.
14:23:38 ERROR : Memory read error at 0xF8F00208. Cannot halt processor core, timeout
14:23:38 INFO  : ----------------XSDB Script----------------
connect -url tcp:127.0.0.1:3121
targets -set -nocase -filter {name =~"APU*"}
rst -system
after 3000
targets -set -filter {jtag_cable_name =~ "Digilent Zybo Z7 210351AB6EB6A" && level==0 && jtag_device_ctx=="jsn-Zybo Z7-210351AB6EB6A-13722093-0"}
fpga -file C:/Users/Moose/Documents/School/ECE492/Platform/SPARC/_ide/bitstream/system_wrapper.bit
targets -set -nocase -filter {name =~"APU*"}
loadhw -hw C:/Users/Moose/Documents/School/ECE492/Platform/system_wrapper/export/system_wrapper/hw/system_wrapper.xsa -mem-ranges [list {0x40000000 0xbfffffff}] -regs
configparams force-mem-access 1
targets -set -nocase -filter {name =~"APU*"}
source C:/Users/Moose/Documents/School/ECE492/Platform/SPARC/_ide/psinit/ps7_init.tcl
ps7_init
----------------End of Script----------------

14:23:38 ERROR : Memory read error at 0xF8F00208. Cannot halt processor core, timeout
14:24:02 INFO  : Connected to target on host '127.0.0.1' and port '3121'.
14:24:02 INFO  : Jtag cable 'Digilent Zybo Z7 210351AB6EB6A' is selected.
14:24:02 INFO  : 'jtag frequency' command is executed.
14:24:02 INFO  : Context for 'APU' is selected.
14:24:02 INFO  : System reset is completed.
14:24:05 INFO  : 'after 3000' command is executed.
14:24:05 INFO  : 'targets -set -filter {jtag_cable_name =~ "Digilent Zybo Z7 210351AB6EB6A" && level==0 && jtag_device_ctx=="jsn-Zybo Z7-210351AB6EB6A-13722093-0"}' command is executed.
14:24:07 INFO  : Device configured successfully with "C:/Users/Moose/Documents/School/ECE492/Platform/SPARC/_ide/bitstream/system_wrapper.bit"
14:24:07 INFO  : Context for 'APU' is selected.
14:24:07 INFO  : Hardware design and registers information is loaded from 'C:/Users/Moose/Documents/School/ECE492/Platform/system_wrapper/export/system_wrapper/hw/system_wrapper.xsa'.
14:24:07 INFO  : 'configparams force-mem-access 1' command is executed.
14:24:07 INFO  : Context for 'APU' is selected.
14:24:07 INFO  : Sourcing of 'C:/Users/Moose/Documents/School/ECE492/Platform/SPARC/_ide/psinit/ps7_init.tcl' is done.
14:24:07 INFO  : 'ps7_init' command is executed.
14:24:07 INFO  : 'ps7_post_config' command is executed.
14:24:07 INFO  : Context for processor 'ps7_cortexa9_0' is selected.
14:24:07 INFO  : The application 'C:/Users/Moose/Documents/School/ECE492/Platform/SPARC/Debug/SPARC.elf' is downloaded to processor 'ps7_cortexa9_0'.
14:24:07 INFO  : 'configparams force-mem-access 0' command is executed.
14:24:07 INFO  : ----------------XSDB Script----------------
connect -url tcp:127.0.0.1:3121
targets -set -nocase -filter {name =~"APU*"}
rst -system
after 3000
targets -set -filter {jtag_cable_name =~ "Digilent Zybo Z7 210351AB6EB6A" && level==0 && jtag_device_ctx=="jsn-Zybo Z7-210351AB6EB6A-13722093-0"}
fpga -file C:/Users/Moose/Documents/School/ECE492/Platform/SPARC/_ide/bitstream/system_wrapper.bit
targets -set -nocase -filter {name =~"APU*"}
loadhw -hw C:/Users/Moose/Documents/School/ECE492/Platform/system_wrapper/export/system_wrapper/hw/system_wrapper.xsa -mem-ranges [list {0x40000000 0xbfffffff}] -regs
configparams force-mem-access 1
targets -set -nocase -filter {name =~"APU*"}
source C:/Users/Moose/Documents/School/ECE492/Platform/SPARC/_ide/psinit/ps7_init.tcl
ps7_init
ps7_post_config
targets -set -nocase -filter {name =~ "*A9*#0"}
dow C:/Users/Moose/Documents/School/ECE492/Platform/SPARC/Debug/SPARC.elf
configparams force-mem-access 0
----------------End of Script----------------

14:24:07 INFO  : Context for processor 'ps7_cortexa9_0' is selected.
14:24:07 INFO  : 'con' command is executed.
14:24:07 INFO  : ----------------XSDB Script (After Launch)----------------
targets -set -nocase -filter {name =~ "*A9*#0"}
con
----------------End of Script----------------

14:24:07 INFO  : Launch script is exported to file 'C:\Users\Moose\Documents\School\ECE492\Platform\SPARC_system\_ide\scripts\debugger_sparc-default.tcl'
14:24:29 INFO  : Disconnected from the channel tcfchan#1.
14:24:30 INFO  : Connected to target on host '127.0.0.1' and port '3121'.
14:24:30 INFO  : Jtag cable 'Digilent Zybo Z7 210351AB6EB6A' is selected.
14:24:30 INFO  : 'jtag frequency' command is executed.
14:24:31 INFO  : Context for 'APU' is selected.
14:24:31 INFO  : System reset is completed.
14:24:34 INFO  : 'after 3000' command is executed.
14:24:34 INFO  : 'targets -set -filter {jtag_cable_name =~ "Digilent Zybo Z7 210351AB6EB6A" && level==0 && jtag_device_ctx=="jsn-Zybo Z7-210351AB6EB6A-13722093-0"}' command is executed.
14:24:35 INFO  : Device configured successfully with "C:/Users/Moose/Documents/School/ECE492/Platform/SPARC/_ide/bitstream/system_wrapper.bit"
14:24:35 INFO  : Context for 'APU' is selected.
14:24:35 INFO  : Hardware design and registers information is loaded from 'C:/Users/Moose/Documents/School/ECE492/Platform/system_wrapper/export/system_wrapper/hw/system_wrapper.xsa'.
14:24:35 INFO  : 'configparams force-mem-access 1' command is executed.
14:24:35 INFO  : Context for 'APU' is selected.
14:24:35 INFO  : Sourcing of 'C:/Users/Moose/Documents/School/ECE492/Platform/SPARC/_ide/psinit/ps7_init.tcl' is done.
14:24:35 INFO  : 'ps7_init' command is executed.
14:24:35 INFO  : 'ps7_post_config' command is executed.
14:24:36 INFO  : Context for processor 'ps7_cortexa9_0' is selected.
14:24:36 INFO  : The application 'C:/Users/Moose/Documents/School/ECE492/Platform/SPARC/Debug/SPARC.elf' is downloaded to processor 'ps7_cortexa9_0'.
14:24:36 INFO  : 'configparams force-mem-access 0' command is executed.
14:24:36 INFO  : ----------------XSDB Script----------------
connect -url tcp:127.0.0.1:3121
targets -set -nocase -filter {name =~"APU*"}
rst -system
after 3000
targets -set -filter {jtag_cable_name =~ "Digilent Zybo Z7 210351AB6EB6A" && level==0 && jtag_device_ctx=="jsn-Zybo Z7-210351AB6EB6A-13722093-0"}
fpga -file C:/Users/Moose/Documents/School/ECE492/Platform/SPARC/_ide/bitstream/system_wrapper.bit
targets -set -nocase -filter {name =~"APU*"}
loadhw -hw C:/Users/Moose/Documents/School/ECE492/Platform/system_wrapper/export/system_wrapper/hw/system_wrapper.xsa -mem-ranges [list {0x40000000 0xbfffffff}] -regs
configparams force-mem-access 1
targets -set -nocase -filter {name =~"APU*"}
source C:/Users/Moose/Documents/School/ECE492/Platform/SPARC/_ide/psinit/ps7_init.tcl
ps7_init
ps7_post_config
targets -set -nocase -filter {name =~ "*A9*#0"}
dow C:/Users/Moose/Documents/School/ECE492/Platform/SPARC/Debug/SPARC.elf
configparams force-mem-access 0
----------------End of Script----------------

14:24:36 INFO  : Context for processor 'ps7_cortexa9_0' is selected.
14:24:36 INFO  : 'con' command is executed.
14:24:36 INFO  : ----------------XSDB Script (After Launch)----------------
targets -set -nocase -filter {name =~ "*A9*#0"}
con
----------------End of Script----------------

14:24:36 INFO  : Launch script is exported to file 'C:\Users\Moose\Documents\School\ECE492\Platform\SPARC_system\_ide\scripts\debugger_sparc-default.tcl'
14:25:44 INFO  : Checking for BSP changes to sync application flags for project 'SPARC'...
14:25:51 INFO  : Disconnected from the channel tcfchan#3.
14:25:52 INFO  : Connected to target on host '127.0.0.1' and port '3121'.
14:25:52 INFO  : Jtag cable 'Digilent Zybo Z7 210351AB6EB6A' is selected.
14:25:52 ERROR : port closed
14:25:52 INFO  : ----------------XSDB Script----------------
connect -url tcp:127.0.0.1:3121
----------------End of Script----------------

14:25:52 ERROR : port closed
14:26:13 INFO  : Connected to target on host '127.0.0.1' and port '3121'.
14:26:13 INFO  : Jtag cable 'Digilent Zybo Z7 210351AB6EB6A' is selected.
14:26:13 INFO  : 'jtag frequency' command is executed.
14:26:13 INFO  : Context for 'APU' is selected.
14:26:13 INFO  : System reset is completed.
14:26:16 INFO  : 'after 3000' command is executed.
14:26:17 INFO  : 'targets -set -filter {jtag_cable_name =~ "Digilent Zybo Z7 210351AB6EB6A" && level==0 && jtag_device_ctx=="jsn-Zybo Z7-210351AB6EB6A-13722093-0"}' command is executed.
14:26:18 INFO  : Device configured successfully with "C:/Users/Moose/Documents/School/ECE492/Platform/SPARC/_ide/bitstream/system_wrapper.bit"
14:26:18 INFO  : Context for 'APU' is selected.
14:26:18 INFO  : Hardware design and registers information is loaded from 'C:/Users/Moose/Documents/School/ECE492/Platform/system_wrapper/export/system_wrapper/hw/system_wrapper.xsa'.
14:26:18 INFO  : 'configparams force-mem-access 1' command is executed.
14:26:18 INFO  : Context for 'APU' is selected.
14:26:18 INFO  : Sourcing of 'C:/Users/Moose/Documents/School/ECE492/Platform/SPARC/_ide/psinit/ps7_init.tcl' is done.
14:26:18 INFO  : 'ps7_init' command is executed.
14:26:18 INFO  : 'ps7_post_config' command is executed.
14:26:18 INFO  : Context for processor 'ps7_cortexa9_0' is selected.
14:26:18 INFO  : The application 'C:/Users/Moose/Documents/School/ECE492/Platform/SPARC/Debug/SPARC.elf' is downloaded to processor 'ps7_cortexa9_0'.
14:26:18 INFO  : 'configparams force-mem-access 0' command is executed.
14:26:18 INFO  : ----------------XSDB Script----------------
connect -url tcp:127.0.0.1:3121
targets -set -nocase -filter {name =~"APU*"}
rst -system
after 3000
targets -set -filter {jtag_cable_name =~ "Digilent Zybo Z7 210351AB6EB6A" && level==0 && jtag_device_ctx=="jsn-Zybo Z7-210351AB6EB6A-13722093-0"}
fpga -file C:/Users/Moose/Documents/School/ECE492/Platform/SPARC/_ide/bitstream/system_wrapper.bit
targets -set -nocase -filter {name =~"APU*"}
loadhw -hw C:/Users/Moose/Documents/School/ECE492/Platform/system_wrapper/export/system_wrapper/hw/system_wrapper.xsa -mem-ranges [list {0x40000000 0xbfffffff}] -regs
configparams force-mem-access 1
targets -set -nocase -filter {name =~"APU*"}
source C:/Users/Moose/Documents/School/ECE492/Platform/SPARC/_ide/psinit/ps7_init.tcl
ps7_init
ps7_post_config
targets -set -nocase -filter {name =~ "*A9*#0"}
dow C:/Users/Moose/Documents/School/ECE492/Platform/SPARC/Debug/SPARC.elf
configparams force-mem-access 0
----------------End of Script----------------

14:26:18 INFO  : Context for processor 'ps7_cortexa9_0' is selected.
14:26:18 INFO  : 'con' command is executed.
14:26:18 INFO  : ----------------XSDB Script (After Launch)----------------
targets -set -nocase -filter {name =~ "*A9*#0"}
con
----------------End of Script----------------

14:26:18 INFO  : Launch script is exported to file 'C:\Users\Moose\Documents\School\ECE492\Platform\SPARC_system\_ide\scripts\debugger_sparc-default.tcl'
14:26:58 INFO  : Disconnected from the channel tcfchan#4.
